# version: 1
# target_url: http://www.mnet4all.com/MNet/
# target_type: Shiny Server or Shiny Server Pro
{"type":"REQ_HOME","begin":"2024-11-19T06:33:36.330Z","end":"2024-11-19T06:33:37.114Z","status":200,"url":"/"}
{"type":"REQ_GET","begin":"2024-11-19T06:33:37.695Z","end":"2024-11-19T06:33:37.744Z","status":200,"url":"/jquery-3.6.0/jquery.min.js"}
{"type":"REQ_GET","begin":"2024-11-19T06:33:37.751Z","end":"2024-11-19T06:33:37.778Z","status":200,"url":"/shiny-css-1.9.1/shiny.min.css"}
{"type":"REQ_GET","begin":"2024-11-19T06:33:37.782Z","end":"2024-11-19T06:33:37.804Z","status":200,"url":"/shiny-busy-indicators-1.9.1/busy-indicators.css"}
{"type":"REQ_GET","begin":"2024-11-19T06:33:38.003Z","end":"2024-11-19T06:33:38.053Z","status":200,"url":"/font-awesome-6.4.2/css/all.min.css"}
{"type":"REQ_GET","begin":"2024-11-19T06:33:38.061Z","end":"2024-11-19T06:33:38.085Z","status":200,"url":"/font-awesome-6.4.2/css/v4-shims.min.css"}
{"type":"REQ_GET","begin":"2024-11-19T06:33:38.089Z","end":"2024-11-19T06:33:38.113Z","status":200,"url":"/selectize-0.15.2/css/selectize.bootstrap3.css"}
{"type":"REQ_GET","begin":"2024-11-19T06:33:38.117Z","end":"2024-11-19T06:33:38.143Z","status":200,"url":"/ionrangeslider-css-2.3.1/css/ion.rangeSlider.css"}
{"type":"REQ_GET","begin":"2024-11-19T06:33:38.146Z","end":"2024-11-19T06:33:38.169Z","status":200,"url":"/htmltools-fill-0.5.8.1/fill.css"}
{"type":"REQ_GET","begin":"2024-11-19T06:33:38.173Z","end":"2024-11-19T06:33:38.197Z","status":200,"url":"/datatables-css-0.0.0/datatables-crosstalk.css"}
{"type":"REQ_GET","begin":"2024-11-19T06:33:38.201Z","end":"2024-11-19T06:33:38.223Z","status":200,"url":"/crosstalk-1.2.1/css/crosstalk.min.css"}
{"type":"REQ_GET","begin":"2024-11-19T06:33:38.227Z","end":"2024-11-19T06:33:38.252Z","status":200,"url":"/shinyWidgets/shinyWidgets.min.css"}
{"type":"REQ_GET","begin":"2024-11-19T06:33:38.256Z","end":"2024-11-19T06:33:38.280Z","status":200,"url":"/os-1.13.0/OverlayScrollbars.min.css"}
{"type":"REQ_GET","begin":"2024-11-19T06:33:38.284Z","end":"2024-11-19T06:33:38.344Z","status":200,"url":"/AdminLTE3-3.1.0/adminlte.min.css"}
{"type":"REQ_GET","begin":"2024-11-19T06:33:38.348Z","end":"2024-11-19T06:33:38.372Z","status":200,"url":"/bs4Dash-2.3.4/bs4Dash.css"}
{"type":"REQ_GET","begin":"2024-11-19T06:33:38.376Z","end":"2024-11-19T06:33:38.401Z","status":200,"url":"/glyphicons-2.3.4/glyphicons.min.css"}
{"type":"REQ_GET","begin":"2024-11-19T06:33:38.406Z","end":"2024-11-19T06:33:38.427Z","status":200,"url":"/__assets__/shiny-server.css"}
{"type":"REQ_GET","begin":"2024-11-19T06:33:38.431Z","end":"2024-11-19T06:33:38.486Z","status":200,"url":"/shiny-javascript-1.9.1/shiny.min.js"}
{"type":"REQ_GET","begin":"2024-11-19T06:33:38.501Z","end":"2024-11-19T06:33:38.529Z","status":200,"url":"/selectize-0.15.2/js/selectize.min.js"}
{"type":"REQ_GET","begin":"2024-11-19T06:33:38.537Z","end":"2024-11-19T06:33:38.562Z","status":200,"url":"/selectize-0.15.2/accessibility/js/selectize-plugin-a11y.min.js"}
{"type":"REQ_GET","begin":"2024-11-19T06:33:38.565Z","end":"2024-11-19T06:33:38.593Z","status":200,"url":"/ionrangeslider-javascript-2.3.1/js/ion.rangeSlider.min.js"}
{"type":"REQ_GET","begin":"2024-11-19T06:33:38.598Z","end":"2024-11-19T06:33:38.623Z","status":200,"url":"/strftime-0.9.2/strftime-min.js"}
{"type":"REQ_GET","begin":"2024-11-19T06:33:38.627Z","end":"2024-11-19T06:33:38.652Z","status":200,"url":"/htmlwidgets-1.6.4/htmlwidgets.js"}
{"type":"REQ_GET","begin":"2024-11-19T06:33:38.657Z","end":"2024-11-19T06:33:38.685Z","status":200,"url":"/datatables-binding-0.33/datatables.js"}
{"type":"REQ_GET","begin":"2024-11-19T06:33:38.691Z","end":"2024-11-19T06:33:38.716Z","status":200,"url":"/crosstalk-1.2.1/js/crosstalk.min.js"}
{"type":"REQ_GET","begin":"2024-11-19T06:33:38.720Z","end":"2024-11-19T06:33:38.743Z","status":200,"url":"/shinyWidgets/shinyWidgets-bindings.min.js"}
{"type":"REQ_GET","begin":"2024-11-19T06:33:38.747Z","end":"2024-11-19T06:33:38.785Z","status":200,"url":"/jquery-ui-1.13.2/jquery-ui.min.js"}
{"type":"REQ_GET","begin":"2024-11-19T06:33:38.796Z","end":"2024-11-19T06:33:38.839Z","status":200,"url":"/bootstrap-4.5.2/bootstrap.bundle.min.js"}
{"type":"REQ_GET","begin":"2024-11-19T06:33:38.846Z","end":"2024-11-19T06:33:38.873Z","status":200,"url":"/os-1.13.0/jquery.overlayScrollbars.min.js"}
{"type":"REQ_GET","begin":"2024-11-19T06:33:38.880Z","end":"2024-11-19T06:33:38.905Z","status":200,"url":"/AdminLTE3-3.1.0/adminlte.min.js"}
{"type":"REQ_GET","begin":"2024-11-19T06:33:38.910Z","end":"2024-11-19T06:33:38.936Z","status":200,"url":"/bs4Dash-2.3.4/bs4Dash.min.js"}
{"type":"REQ_GET","begin":"2024-11-19T06:33:38.940Z","end":"2024-11-19T06:33:38.964Z","status":200,"url":"/__assets__/sockjs-0.3.4.min.js"}
{"type":"REQ_GET","begin":"2024-11-19T06:33:38.969Z","end":"2024-11-19T06:33:39.000Z","status":200,"url":"/__assets__/shiny-server-client.min.js"}
{"type":"REQ_GET","begin":"2024-11-19T06:33:39.498Z","end":"2024-11-19T06:33:39.570Z","status":200,"url":"/font-awesome-6.4.2/webfonts/fa-solid-900.woff2"}
{"type":"REQ_GET","begin":"2024-11-19T06:33:40.439Z","end":"2024-11-19T06:33:40.509Z","status":200,"url":"/font-awesome-6.4.2/webfonts/fa-brands-400.woff2"}
{"type":"REQ_SINF","begin":"2024-11-19T06:33:42.074Z","end":"2024-11-19T06:33:42.096Z","status":200,"url":"/__sockjs__/n=${ROBUST_ID}/info"}
{"type":"WS_OPEN","begin":"2024-11-19T06:33:42.882Z","url":"/__sockjs__/n=${ROBUST_ID}/${SOCKJSID}/websocket"}
{"type":"WS_CLOSE","begin":"2024-11-19T06:33:42.969Z"}
